{"/Users/karthikshriramgs/Library/CloudStorage/OneDrive-McKinsey&Company/Desktop/evalTemplete/auth/database/config.js": {"path":"/Users/karthikshriramgs/Library/CloudStorage/OneDrive-McKinsey&Company/Desktop/evalTemplete/auth/database/config.js","statementMap":{"0":{"start":{"line":1,"column":0},"end":{"line":35,"column":2}}},"fnMap":{},"branchMap":{},"s":{"0":2},"f":{},"b":{},"_coverageSchema":"1a1c01bbd47fc00a2c39e90264f33305004495a9","hash":"80d67656b42f63dc3a270e992cb025980d4faa0f"}
,"/Users/karthikshriramgs/Library/CloudStorage/OneDrive-McKinsey&Company/Desktop/evalTemplete/auth/database/models/index.js": {"path":"/Users/karthikshriramgs/Library/CloudStorage/OneDrive-McKinsey&Company/Desktop/evalTemplete/auth/database/models/index.js","statementMap":{"0":{"start":{"line":3,"column":11},"end":{"line":3,"column":24}},"1":{"start":{"line":4,"column":13},"end":{"line":4,"column":28}},"2":{"start":{"line":5,"column":18},"end":{"line":5,"column":38}},"3":{"start":{"line":6,"column":16},"end":{"line":6,"column":34}},"4":{"start":{"line":7,"column":17},"end":{"line":7,"column":42}},"5":{"start":{"line":8,"column":12},"end":{"line":8,"column":49}},"6":{"start":{"line":9,"column":15},"end":{"line":9,"column":68}},"7":{"start":{"line":10,"column":11},"end":{"line":10,"column":13}},"8":{"start":{"line":13,"column":0},"end":{"line":17,"column":1}},"9":{"start":{"line":14,"column":2},"end":{"line":14,"column":74}},"10":{"start":{"line":16,"column":2},"end":{"line":16,"column":87}},"11":{"start":{"line":19,"column":0},"end":{"line":32,"column":5}},"12":{"start":{"line":22,"column":4},"end":{"line":27,"column":6}},"13":{"start":{"line":30,"column":18},"end":{"line":30,"column":85}},"14":{"start":{"line":31,"column":4},"end":{"line":31,"column":27}},"15":{"start":{"line":34,"column":0},"end":{"line":38,"column":3}},"16":{"start":{"line":35,"column":2},"end":{"line":37,"column":3}},"17":{"start":{"line":36,"column":4},"end":{"line":36,"column":32}},"18":{"start":{"line":40,"column":0},"end":{"line":40,"column":25}},"19":{"start":{"line":41,"column":0},"end":{"line":41,"column":25}},"20":{"start":{"line":43,"column":0},"end":{"line":43,"column":20}}},"fnMap":{"0":{"name":"(anonymous_0)","decl":{"start":{"line":21,"column":10},"end":{"line":21,"column":11}},"loc":{"start":{"line":21,"column":18},"end":{"line":28,"column":3}},"line":21},"1":{"name":"(anonymous_1)","decl":{"start":{"line":29,"column":11},"end":{"line":29,"column":12}},"loc":{"start":{"line":29,"column":19},"end":{"line":32,"column":3}},"line":29},"2":{"name":"(anonymous_2)","decl":{"start":{"line":34,"column":24},"end":{"line":34,"column":25}},"loc":{"start":{"line":34,"column":37},"end":{"line":38,"column":1}},"line":34}},"branchMap":{"0":{"loc":{"start":{"line":8,"column":12},"end":{"line":8,"column":49}},"type":"binary-expr","locations":[{"start":{"line":8,"column":12},"end":{"line":8,"column":32}},{"start":{"line":8,"column":36},"end":{"line":8,"column":49}}],"line":8},"1":{"loc":{"start":{"line":13,"column":0},"end":{"line":17,"column":1}},"type":"if","locations":[{"start":{"line":13,"column":0},"end":{"line":17,"column":1}},{"start":{"line":15,"column":7},"end":{"line":17,"column":1}}],"line":13},"2":{"loc":{"start":{"line":23,"column":6},"end":{"line":26,"column":37}},"type":"binary-expr","locations":[{"start":{"line":23,"column":6},"end":{"line":23,"column":29}},{"start":{"line":24,"column":6},"end":{"line":24,"column":23}},{"start":{"line":25,"column":6},"end":{"line":25,"column":30}},{"start":{"line":26,"column":6},"end":{"line":26,"column":37}}],"line":23},"3":{"loc":{"start":{"line":35,"column":2},"end":{"line":37,"column":3}},"type":"if","locations":[{"start":{"line":35,"column":2},"end":{"line":37,"column":3}},{"start":{},"end":{}}],"line":35}},"s":{"0":2,"1":2,"2":2,"3":2,"4":2,"5":2,"6":2,"7":2,"8":2,"9":0,"10":2,"11":2,"12":4,"13":2,"14":2,"15":2,"16":2,"17":2,"18":2,"19":2,"20":2},"f":{"0":4,"1":2,"2":2},"b":{"0":[2,0],"1":[0,2],"2":[4,4,2,2],"3":[2,0]},"_coverageSchema":"1a1c01bbd47fc00a2c39e90264f33305004495a9","hash":"13b5f7fff546dbfbba4bfd0dadb960b8d54d7b93"}
,"/Users/karthikshriramgs/Library/CloudStorage/OneDrive-McKinsey&Company/Desktop/evalTemplete/auth/database/models/users.js": {"path":"/Users/karthikshriramgs/Library/CloudStorage/OneDrive-McKinsey&Company/Desktop/evalTemplete/auth/database/models/users.js","statementMap":{"0":{"start":{"line":2,"column":18},"end":{"line":2,"column":38}},"1":{"start":{"line":4,"column":0},"end":{"line":38,"column":2}},"2":{"start":{"line":10,"column":2},"end":{"line":36,"column":5}},"3":{"start":{"line":37,"column":2},"end":{"line":37,"column":15}}},"fnMap":{"0":{"name":"(anonymous_0)","decl":{"start":{"line":4,"column":17},"end":{"line":4,"column":18}},"loc":{"start":{"line":4,"column":43},"end":{"line":38,"column":1}},"line":4},"1":{"name":"(anonymous_1)","decl":{"start":{"line":6,"column":4},"end":{"line":6,"column":5}},"loc":{"start":{"line":6,"column":29},"end":{"line":8,"column":5}},"line":6}},"branchMap":{},"s":{"0":2,"1":2,"2":2,"3":2},"f":{"0":2,"1":2},"b":{},"_coverageSchema":"1a1c01bbd47fc00a2c39e90264f33305004495a9","hash":"1e854d431dfd9c1243088cd611b8cb730f221103"}
,"/Users/karthikshriramgs/Library/CloudStorage/OneDrive-McKinsey&Company/Desktop/evalTemplete/auth/src/controllers/users.js": {"path":"/Users/karthikshriramgs/Library/CloudStorage/OneDrive-McKinsey&Company/Desktop/evalTemplete/auth/src/controllers/users.js","statementMap":{"0":{"start":{"line":1,"column":22},"end":{"line":1,"column":50}},"1":{"start":{"line":3,"column":2},"end":{"line":11,"column":3}},"2":{"start":{"line":4,"column":4},"end":{"line":4,"column":30}},"3":{"start":{"line":5,"column":60},"end":{"line":5,"column":68}},"4":{"start":{"line":6,"column":17},"end":{"line":6,"column":94}},"5":{"start":{"line":7,"column":4},"end":{"line":7,"column":31}},"6":{"start":{"line":10,"column":4},"end":{"line":10,"column":30}},"7":{"start":{"line":15,"column":2},"end":{"line":27,"column":3}},"8":{"start":{"line":16,"column":4},"end":{"line":16,"column":36}},"9":{"start":{"line":17,"column":4},"end":{"line":17,"column":37}},"10":{"start":{"line":18,"column":32},"end":{"line":18,"column":40}},"11":{"start":{"line":19,"column":4},"end":{"line":19,"column":36}},"12":{"start":{"line":20,"column":17},"end":{"line":20,"column":62}},"13":{"start":{"line":21,"column":4},"end":{"line":21,"column":31}},"14":{"start":{"line":26,"column":4},"end":{"line":26,"column":30}},"15":{"start":{"line":30,"column":2},"end":{"line":37,"column":3}},"16":{"start":{"line":31,"column":18},"end":{"line":31,"column":46}},"17":{"start":{"line":32,"column":17},"end":{"line":32,"column":57}},"18":{"start":{"line":33,"column":4},"end":{"line":33,"column":31}},"19":{"start":{"line":36,"column":4},"end":{"line":36,"column":30}},"20":{"start":{"line":40,"column":0},"end":{"line":40,"column":48}}},"fnMap":{"0":{"name":"createUser","decl":{"start":{"line":2,"column":15},"end":{"line":2,"column":25}},"loc":{"start":{"line":2,"column":34},"end":{"line":13,"column":1}},"line":2},"1":{"name":"login","decl":{"start":{"line":14,"column":15},"end":{"line":14,"column":20}},"loc":{"start":{"line":14,"column":29},"end":{"line":28,"column":1}},"line":14},"2":{"name":"validateToken","decl":{"start":{"line":29,"column":15},"end":{"line":29,"column":28}},"loc":{"start":{"line":29,"column":37},"end":{"line":39,"column":1}},"line":29}},"branchMap":{},"s":{"0":1,"1":2,"2":2,"3":2,"4":2,"5":1,"6":1,"7":2,"8":2,"9":2,"10":2,"11":2,"12":2,"13":1,"14":1,"15":2,"16":2,"17":2,"18":1,"19":1,"20":1},"f":{"0":2,"1":2,"2":2},"b":{},"_coverageSchema":"1a1c01bbd47fc00a2c39e90264f33305004495a9","hash":"a55aa3bdb80e3012a1cd6eba40ae38aa07da98a4"}
,"/Users/karthikshriramgs/Library/CloudStorage/OneDrive-McKinsey&Company/Desktop/evalTemplete/auth/src/services/users.js": {"path":"/Users/karthikshriramgs/Library/CloudStorage/OneDrive-McKinsey&Company/Desktop/evalTemplete/auth/src/services/users.js","statementMap":{"0":{"start":{"line":1,"column":18},"end":{"line":1,"column":50}},"1":{"start":{"line":2,"column":15},"end":{"line":2,"column":34}},"2":{"start":{"line":3,"column":21},"end":{"line":3,"column":44}},"3":{"start":{"line":4,"column":12},"end":{"line":4,"column":35}},"4":{"start":{"line":5,"column":17},"end":{"line":5,"column":42}},"5":{"start":{"line":6,"column":30},"end":{"line":6,"column":65}},"6":{"start":{"line":7,"column":18},"end":{"line":7,"column":54}},"7":{"start":{"line":9,"column":2},"end":{"line":9,"column":88}},"8":{"start":{"line":15,"column":15},"end":{"line":15,"column":37}},"9":{"start":{"line":16,"column":23},"end":{"line":16,"column":56}},"10":{"start":{"line":17,"column":15},"end":{"line":23,"column":4}},"11":{"start":{"line":24,"column":2},"end":{"line":24,"column":14}},"12":{"start":{"line":29,"column":15},"end":{"line":29,"column":59}},"13":{"start":{"line":30,"column":2},"end":{"line":32,"column":3}},"14":{"start":{"line":31,"column":4},"end":{"line":31,"column":44}},"15":{"start":{"line":34,"column":2},"end":{"line":48,"column":3}},"16":{"start":{"line":35,"column":18},"end":{"line":35,"column":51}},"17":{"start":{"line":38,"column":4},"end":{"line":38,"column":44}},"18":{"start":{"line":41,"column":19},"end":{"line":43,"column":6}},"19":{"start":{"line":44,"column":4},"end":{"line":44,"column":17}},"20":{"start":{"line":47,"column":4},"end":{"line":47,"column":44}},"21":{"start":{"line":51,"column":19},"end":{"line":51,"column":57}},"22":{"start":{"line":52,"column":2},"end":{"line":56,"column":3}},"23":{"start":{"line":53,"column":4},"end":{"line":53,"column":20}},"24":{"start":{"line":55,"column":4},"end":{"line":55,"column":41}},"25":{"start":{"line":58,"column":0},"end":{"line":58,"column":53}}},"fnMap":{"0":{"name":"generateAccessToken","decl":{"start":{"line":8,"column":9},"end":{"line":8,"column":28}},"loc":{"start":{"line":8,"column":39},"end":{"line":10,"column":1}},"line":8},"1":{"name":"createUser","decl":{"start":{"line":12,"column":15},"end":{"line":12,"column":25}},"loc":{"start":{"line":12,"column":77},"end":{"line":26,"column":1}},"line":12},"2":{"name":"login","decl":{"start":{"line":28,"column":15},"end":{"line":28,"column":20}},"loc":{"start":{"line":28,"column":41},"end":{"line":49,"column":1}},"line":28},"3":{"name":"validateToken","decl":{"start":{"line":50,"column":15},"end":{"line":50,"column":28}},"loc":{"start":{"line":50,"column":36},"end":{"line":57,"column":1}},"line":50}},"branchMap":{"0":{"loc":{"start":{"line":9,"column":28},"end":{"line":9,"column":62}},"type":"binary-expr","locations":[{"start":{"line":9,"column":28},"end":{"line":9,"column":50}},{"start":{"line":9,"column":54},"end":{"line":9,"column":62}}],"line":9},"1":{"loc":{"start":{"line":30,"column":2},"end":{"line":32,"column":3}},"type":"if","locations":[{"start":{"line":30,"column":2},"end":{"line":32,"column":3}},{"start":{},"end":{}}],"line":30},"2":{"loc":{"start":{"line":34,"column":2},"end":{"line":48,"column":3}},"type":"if","locations":[{"start":{"line":34,"column":2},"end":{"line":48,"column":3}},{"start":{"line":46,"column":9},"end":{"line":48,"column":3}}],"line":34},"3":{"loc":{"start":{"line":52,"column":2},"end":{"line":56,"column":3}},"type":"if","locations":[{"start":{"line":52,"column":2},"end":{"line":56,"column":3}},{"start":{"line":54,"column":9},"end":{"line":56,"column":3}}],"line":52}},"s":{"0":2,"1":2,"2":2,"3":2,"4":2,"5":2,"6":2,"7":1,"8":1,"9":1,"10":1,"11":1,"12":3,"13":3,"14":1,"15":2,"16":1,"17":1,"18":1,"19":1,"20":1,"21":2,"22":2,"23":1,"24":1,"25":2},"f":{"0":1,"1":1,"2":3,"3":2},"b":{"0":[1,1],"1":[1,2],"2":[1,1],"3":[1,1]},"_coverageSchema":"1a1c01bbd47fc00a2c39e90264f33305004495a9","hash":"768b6b8c6c130d2a0466e2881c9bac42d52bea1a"}
,"/Users/karthikshriramgs/Library/CloudStorage/OneDrive-McKinsey&Company/Desktop/evalTemplete/auth/src/utils/redis.js": {"path":"/Users/karthikshriramgs/Library/CloudStorage/OneDrive-McKinsey&Company/Desktop/evalTemplete/auth/src/utils/redis.js","statementMap":{"0":{"start":{"line":1,"column":14},"end":{"line":1,"column":30}},"1":{"start":{"line":2,"column":25},"end":{"line":2,"column":41}},"2":{"start":{"line":3,"column":15},"end":{"line":8,"column":1}},"3":{"start":{"line":10,"column":20},"end":{"line":10,"column":40}},"4":{"start":{"line":11,"column":22},"end":{"line":11,"column":43}},"5":{"start":{"line":12,"column":0},"end":{"line":15,"column":3}},"6":{"start":{"line":13,"column":2},"end":{"line":13,"column":36}},"7":{"start":{"line":14,"column":2},"end":{"line":14,"column":68}},"8":{"start":{"line":16,"column":0},"end":{"line":16,"column":29}}},"fnMap":{"0":{"name":"(anonymous_0)","decl":{"start":{"line":12,"column":21},"end":{"line":12,"column":22}},"loc":{"start":{"line":12,"column":30},"end":{"line":15,"column":1}},"line":12}},"branchMap":{"0":{"loc":{"start":{"line":14,"column":14},"end":{"line":14,"column":66}},"type":"cond-expr","locations":[{"start":{"line":14,"column":41},"end":{"line":14,"column":54}},{"start":{"line":14,"column":55},"end":{"line":14,"column":66}}],"line":14}},"s":{"0":2,"1":2,"2":2,"3":2,"4":2,"5":2,"6":0,"7":0,"8":2},"f":{"0":0},"b":{"0":[0,0]},"_coverageSchema":"1a1c01bbd47fc00a2c39e90264f33305004495a9","hash":"83d19e7bdd6c9fff6bf30d114807eae4feba1c75"}
,"/Users/karthikshriramgs/Library/CloudStorage/OneDrive-McKinsey&Company/Desktop/evalTemplete/auth/src/utils/errors/HTTPError.js": {"path":"/Users/karthikshriramgs/Library/CloudStorage/OneDrive-McKinsey&Company/Desktop/evalTemplete/auth/src/utils/errors/HTTPError.js","statementMap":{"0":{"start":{"line":3,"column":4},"end":{"line":3,"column":19}},"1":{"start":{"line":4,"column":4},"end":{"line":4,"column":27}},"2":{"start":{"line":5,"column":4},"end":{"line":5,"column":21}},"3":{"start":{"line":8,"column":0},"end":{"line":8,"column":27}}},"fnMap":{"0":{"name":"(anonymous_0)","decl":{"start":{"line":2,"column":2},"end":{"line":2,"column":3}},"loc":{"start":{"line":2,"column":28},"end":{"line":6,"column":3}},"line":2}},"branchMap":{},"s":{"0":3,"1":3,"2":3,"3":2},"f":{"0":3},"b":{},"_coverageSchema":"1a1c01bbd47fc00a2c39e90264f33305004495a9","hash":"f483ed2392bc881a99d5aead97b5f8dccf470dd8"}
}
