TN:
SF:database/config.js
FNF:0
FNH:0
DA:1,2
LF:1
LH:1
BRF:0
BRH:0
end_of_record
TN:
SF:database/models/index.js
FN:21,(anonymous_0)
FN:29,(anonymous_1)
FN:34,(anonymous_2)
FNF:3
FNH:3
FNDA:4,(anonymous_0)
FNDA:2,(anonymous_1)
FNDA:2,(anonymous_2)
DA:3,2
DA:4,2
DA:5,2
DA:6,2
DA:7,2
DA:8,2
DA:9,2
DA:10,2
DA:13,2
DA:14,0
DA:16,2
DA:19,2
DA:22,4
DA:30,2
DA:31,2
DA:34,2
DA:35,2
DA:36,2
DA:40,2
DA:41,2
DA:43,2
LF:21
LH:20
BRDA:8,0,0,2
BRDA:8,0,1,0
BRDA:13,1,0,0
BRDA:13,1,1,2
BRDA:23,2,0,4
BRDA:23,2,1,4
BRDA:23,2,2,2
BRDA:23,2,3,2
BRDA:35,3,0,2
BRDA:35,3,1,0
BRF:10
BRH:7
end_of_record
TN:
SF:database/models/users.js
FN:4,(anonymous_0)
FN:6,(anonymous_1)
FNF:2
FNH:2
FNDA:2,(anonymous_0)
FNDA:2,(anonymous_1)
DA:2,2
DA:4,2
DA:10,2
DA:37,2
LF:4
LH:4
BRF:0
BRH:0
end_of_record
TN:
SF:src/controllers/users.js
FN:2,createUser
FN:14,login
FN:29,validateToken
FNF:3
FNH:3
FNDA:2,createUser
FNDA:2,login
FNDA:2,validateToken
DA:1,1
DA:3,2
DA:4,2
DA:5,2
DA:6,2
DA:7,1
DA:10,1
DA:15,2
DA:16,2
DA:17,2
DA:18,2
DA:19,2
DA:20,2
DA:21,1
DA:26,1
DA:30,2
DA:31,2
DA:32,2
DA:33,1
DA:36,1
DA:40,1
LF:21
LH:21
BRF:0
BRH:0
end_of_record
TN:
SF:src/services/users.js
FN:8,generateAccessToken
FN:12,createUser
FN:28,login
FN:50,validateToken
FNF:4
FNH:4
FNDA:1,generateAccessToken
FNDA:1,createUser
FNDA:3,login
FNDA:2,validateToken
DA:1,2
DA:2,2
DA:3,2
DA:4,2
DA:5,2
DA:6,2
DA:7,2
DA:9,1
DA:15,1
DA:16,1
DA:17,1
DA:24,1
DA:29,3
DA:30,3
DA:31,1
DA:34,2
DA:35,1
DA:38,1
DA:41,1
DA:44,1
DA:47,1
DA:51,2
DA:52,2
DA:53,1
DA:55,1
DA:58,2
LF:26
LH:26
BRDA:9,0,0,1
BRDA:9,0,1,1
BRDA:30,1,0,1
BRDA:30,1,1,2
BRDA:34,2,0,1
BRDA:34,2,1,1
BRDA:52,3,0,1
BRDA:52,3,1,1
BRF:8
BRH:8
end_of_record
TN:
SF:src/utils/redis.js
FN:12,(anonymous_0)
FNF:1
FNH:0
FNDA:0,(anonymous_0)
DA:1,2
DA:2,2
DA:3,2
DA:10,2
DA:11,2
DA:12,2
DA:13,0
DA:14,0
DA:16,2
LF:9
LH:7
BRDA:14,0,0,0
BRDA:14,0,1,0
BRF:2
BRH:0
end_of_record
TN:
SF:src/utils/errors/HTTPError.js
FN:2,(anonymous_0)
FNF:1
FNH:1
FNDA:3,(anonymous_0)
DA:3,3
DA:4,3
DA:5,3
DA:8,2
LF:4
LH:4
BRF:0
BRH:0
end_of_record
